03:52:49: Creating resource group General
03:52:49: Creating resource group Internal
03:52:49: Creating resource group Autodetect
03:52:49: SceneManagerFactory for type 'DefaultSceneManager' registered.
03:52:49: Registering ResourceManager for type Material
03:52:49: Registering ResourceManager for type Mesh
03:52:49: Registering ResourceManager for type Skeleton
03:52:49: MovableObjectFactory for type 'ParticleSystem' registered.
03:52:49: OverlayElementFactory for type Panel registered.
03:52:49: OverlayElementFactory for type BorderPanel registered.
03:52:49: OverlayElementFactory for type TextArea registered.
03:52:49: Registering ResourceManager for type Font
03:52:49: ArchiveFactory for archive type FileSystem registered.
03:52:49: ArchiveFactory for archive type Zip registered.
03:52:50: FreeImage version: 3.13.1
03:52:50: This program uses FreeImage, a free, open source image library supporting all common bitmap formats. See http://freeimage.sourceforge.net for details
03:52:50: Supported formats: bmp,ico,jpg,jif,jpeg,jpe,jng,koa,iff,lbm,mng,pbm,pbm,pcd,pcx,pgm,pgm,png,ppm,ppm,ras,tga,targa,tif,tiff,wap,wbmp,wbm,psd,cut,xbm,xpm,gif,hdr,g3,sgi,exr,j2k,j2c,jp2,pfm,pct,pict,pic,bay,bmq,cr2,crw,cs1,dc2,dcr,dng,erf,fff,hdr,k25,kdc,mdc,mos,mrw,nef,orf,pef,pxn,raf,raw,rdc,sr2,srf,arw,3fr,cine,ia,kc2,mef,nrw,qtk,rw2,sti,drf,dsc,ptx,cap,iiq,rwz
03:52:50: DDS codec registering
03:52:50: Registering ResourceManager for type HighLevelGpuProgram
03:52:50: Registering ResourceManager for type Compositor
03:52:50: MovableObjectFactory for type 'Entity' registered.
03:52:50: MovableObjectFactory for type 'Light' registered.
03:52:50: MovableObjectFactory for type 'BillboardSet' registered.
03:52:50: MovableObjectFactory for type 'ManualObject' registered.
03:52:50: MovableObjectFactory for type 'BillboardChain' registered.
03:52:50: MovableObjectFactory for type 'RibbonTrail' registered.
03:52:50: OGRE EXCEPTION(6:FileNotFoundException): 'plugins.cfg' file not found! in ConfigFile::load at ..\..\OgreMain\src\OgreConfigFile.cpp (line 83)
03:52:50: plugins.cfg not found, automatic plugin loading disabled.
03:52:50: *-*-* OGRE Initialising
03:52:50: *-*-* Version 1.7.0RC1 (Cthugha)
03:52:50: OGRE EXCEPTION(6:FileNotFoundException): 'resources.cfg' file not found! in ConfigFile::load at ..\..\OgreMain\src\OgreConfigFile.cpp (line 83)
03:52:53: *-*-* OGRE Shutdown
03:52:53: Unregistering ResourceManager for type Compositor
03:52:53: Unregistering ResourceManager for type Font
03:52:53: Unregistering ResourceManager for type Skeleton
03:52:53: Unregistering ResourceManager for type Mesh
03:52:53: Unregistering ResourceManager for type HighLevelGpuProgram
03:52:53: Unregistering ResourceManager for type Material
