11:25:32: Creating resource group General
11:25:32: Creating resource group Internal
11:25:32: Creating resource group Autodetect
11:25:32: SceneManagerFactory for type 'DefaultSceneManager' registered.
11:25:32: Registering ResourceManager for type Material
11:25:32: Registering ResourceManager for type Mesh
11:25:32: Registering ResourceManager for type Skeleton
11:25:32: MovableObjectFactory for type 'ParticleSystem' registered.
11:25:32: OverlayElementFactory for type Panel registered.
11:25:32: OverlayElementFactory for type BorderPanel registered.
11:25:32: OverlayElementFactory for type TextArea registered.
11:25:32: Registering ResourceManager for type Font
11:25:32: ArchiveFactory for archive type FileSystem registered.
11:25:32: ArchiveFactory for archive type Zip registered.
11:25:32: FreeImage version: 3.13.1
11:25:32: This program uses FreeImage, a free, open source image library supporting all common bitmap formats. See http://freeimage.sourceforge.net for details
11:25:32: Supported formats: bmp,ico,jpg,jif,jpeg,jpe,jng,koa,iff,lbm,mng,pbm,pbm,pcd,pcx,pgm,pgm,png,ppm,ppm,ras,tga,targa,tif,tiff,wap,wbmp,wbm,psd,cut,xbm,xpm,gif,hdr,g3,sgi,exr,j2k,j2c,jp2,pfm,pct,pict,pic,bay,bmq,cr2,crw,cs1,dc2,dcr,dng,erf,fff,hdr,k25,kdc,mdc,mos,mrw,nef,orf,pef,pxn,raf,raw,rdc,sr2,srf,arw,3fr,cine,ia,kc2,mef,nrw,qtk,rw2,sti,drf,dsc,ptx,cap,iiq,rwz
11:25:32: DDS codec registering
11:25:32: Registering ResourceManager for type HighLevelGpuProgram
11:25:32: Registering ResourceManager for type Compositor
11:25:32: MovableObjectFactory for type 'Entity' registered.
11:25:32: MovableObjectFactory for type 'Light' registered.
11:25:32: MovableObjectFactory for type 'BillboardSet' registered.
11:25:32: MovableObjectFactory for type 'ManualObject' registered.
11:25:32: MovableObjectFactory for type 'BillboardChain' registered.
11:25:32: MovableObjectFactory for type 'RibbonTrail' registered.
11:25:32: OGRE EXCEPTION(6:FileNotFoundException): 'plugins.cfg' file not found! in ConfigFile::load at ..\..\OgreMain\src\OgreConfigFile.cpp (line 83)
11:25:32: plugins.cfg not found, automatic plugin loading disabled.
11:25:32: *-*-* OGRE Initialising
11:25:32: *-*-* Version 1.7.0RC1 (Cthugha)
11:25:32: OGRE EXCEPTION(6:FileNotFoundException): 'resources.cfg' file not found! in ConfigFile::load at ..\..\OgreMain\src\OgreConfigFile.cpp (line 83)
11:25:33: *-*-* OGRE Shutdown
11:25:33: Unregistering ResourceManager for type Compositor
11:25:33: Unregistering ResourceManager for type Font
11:25:33: Unregistering ResourceManager for type Skeleton
11:25:33: Unregistering ResourceManager for type Mesh
11:25:33: Unregistering ResourceManager for type HighLevelGpuProgram
11:25:33: Unregistering ResourceManager for type Material
