13:16:52: Creating resource group General
13:16:52: Creating resource group Internal
13:16:52: Creating resource group Autodetect
13:16:52: SceneManagerFactory for type 'DefaultSceneManager' registered.
13:16:52: Registering ResourceManager for type Material
13:16:52: Registering ResourceManager for type Mesh
13:16:52: Registering ResourceManager for type Skeleton
13:16:52: MovableObjectFactory for type 'ParticleSystem' registered.
13:16:52: OverlayElementFactory for type Panel registered.
13:16:52: OverlayElementFactory for type BorderPanel registered.
13:16:52: OverlayElementFactory for type TextArea registered.
13:16:52: Registering ResourceManager for type Font
13:16:53: ArchiveFactory for archive type FileSystem registered.
13:16:53: ArchiveFactory for archive type Zip registered.
13:16:53: FreeImage version: 3.13.1
13:16:53: This program uses FreeImage, a free, open source image library supporting all common bitmap formats. See http://freeimage.sourceforge.net for details
13:16:53: Supported formats: bmp,ico,jpg,jif,jpeg,jpe,jng,koa,iff,lbm,mng,pbm,pbm,pcd,pcx,pgm,pgm,png,ppm,ppm,ras,tga,targa,tif,tiff,wap,wbmp,wbm,psd,cut,xbm,xpm,gif,hdr,g3,sgi,exr,j2k,j2c,jp2,pfm,pct,pict,pic,bay,bmq,cr2,crw,cs1,dc2,dcr,dng,erf,fff,hdr,k25,kdc,mdc,mos,mrw,nef,orf,pef,pxn,raf,raw,rdc,sr2,srf,arw,3fr,cine,ia,kc2,mef,nrw,qtk,rw2,sti,drf,dsc,ptx,cap,iiq,rwz
13:16:53: DDS codec registering
13:16:53: Registering ResourceManager for type HighLevelGpuProgram
13:16:53: Registering ResourceManager for type Compositor
13:16:53: MovableObjectFactory for type 'Entity' registered.
13:16:53: MovableObjectFactory for type 'Light' registered.
13:16:53: MovableObjectFactory for type 'BillboardSet' registered.
13:16:53: MovableObjectFactory for type 'ManualObject' registered.
13:16:53: MovableObjectFactory for type 'BillboardChain' registered.
13:16:53: MovableObjectFactory for type 'RibbonTrail' registered.
13:16:54: Loading library .\RenderSystem_GL_d
13:16:55: Installing plugin: GL RenderSystem
13:16:55: OpenGL Rendering Subsystem created.
13:16:55: Plugin successfully installed
13:16:55: Loading library .\Plugin_ParticleFX_d
13:16:56: Installing plugin: ParticleFX
13:16:56: Particle Emitter Type 'Point' registered
13:16:56: Particle Emitter Type 'Box' registered
13:16:56: Particle Emitter Type 'Ellipsoid' registered
13:16:56: Particle Emitter Type 'Cylinder' registered
13:16:56: Particle Emitter Type 'Ring' registered
13:16:56: Particle Emitter Type 'HollowEllipsoid' registered
13:16:56: Particle Affector Type 'LinearForce' registered
13:16:56: Particle Affector Type 'ColourFader' registered
13:16:56: Particle Affector Type 'ColourFader2' registered
13:16:56: Particle Affector Type 'ColourImage' registered
13:16:56: Particle Affector Type 'ColourInterpolator' registered
13:16:56: Particle Affector Type 'Scaler' registered
13:16:56: Particle Affector Type 'Rotator' registered
13:16:56: Particle Affector Type 'DirectionRandomiser' registered
13:16:56: Particle Affector Type 'DeflectorPlane' registered
13:16:56: Plugin successfully installed
13:16:56: Loading library .\Plugin_BSPSceneManager_d
13:16:56: Installing plugin: BSP Scene Manager
13:16:56: Plugin successfully installed
13:16:56: Loading library .\Plugin_CgProgramManager_d
13:17:00: Installing plugin: Cg Program Manager
13:17:00: Plugin successfully installed
13:17:00: *-*-* OGRE Initialising
13:17:00: *-*-* Version 1.7.0RC1 (Cthugha)
13:17:01: Added resource location '../../media' of type 'FileSystem' to resource group 'General'
13:17:01: Creating resource group Popular
13:17:01: Added resource location '../../media/fonts' of type 'FileSystem' to resource group 'Popular'
13:17:01: Added resource location '../../media/materials/programs' of type 'FileSystem' to resource group 'Popular'
13:17:01: Added resource location '../../media/materials/scripts' of type 'FileSystem' to resource group 'Popular'
13:17:01: Added resource location '../../media/materials/textures' of type 'FileSystem' to resource group 'Popular'
13:17:01: Added resource location '../../media/materials/textures/nvidia' of type 'FileSystem' to resource group 'Popular'
13:17:01: Added resource location '../../media/models' of type 'FileSystem' to resource group 'Popular'
13:17:01: Added resource location '../../media/particle' of type 'FileSystem' to resource group 'Popular'
13:17:01: Added resource location '../../media/DeferredShadingMedia' of type 'FileSystem' to resource group 'Popular'
13:17:01: Added resource location '../../media/PCZAppMedia' of type 'FileSystem' to resource group 'Popular'
13:17:01: Added resource location '../../media/RTShaderLib' of type 'FileSystem' to resource group 'Popular'
13:17:01: Added resource location '../../media/packs/cubemap.zip' of type 'Zip' to resource group 'Popular'
13:17:01: Added resource location '../../media/packs/cubemapsJS.zip' of type 'Zip' to resource group 'Popular'
13:17:01: Added resource location '../../media/packs/skybox.zip' of type 'Zip' to resource group 'Popular'
13:17:09: CPU Identifier & Features
13:17:09: -------------------------
13:17:09:  *   CPU ID: GenuineIntel: Intel(R) Core(TM)2 Quad CPU    Q6600  @ 2.40GHz
13:17:09:  *      SSE: yes
13:17:09:  *     SSE2: yes
13:17:09:  *     SSE3: yes
13:17:09:  *      MMX: yes
13:17:09:  *   MMXEXT: yes
13:17:09:  *    3DNOW: no
13:17:09:  * 3DNOWEXT: no
13:17:09:  *     CMOV: yes
13:17:09:  *      TSC: yes
13:17:09:  *      FPU: yes
13:17:09:  *      PRO: yes
13:17:09:  *       HT: no
13:17:09: -------------------------
13:17:09: *** Starting Win32GL Subsystem ***
13:17:09: GLRenderSystem::_createRenderWindow "FormFactor", 1024x768 windowed  miscParams: FSAA=16 FSAAHint= colourDepth=32 displayFrequency=0 gamma=false vsync=false vsyncInterval=1 
13:17:09: Created Win32Window 'FormFactor' : 1040x806, 32bpp
13:17:09: GL_VERSION = 3.2.0
13:17:09: GL_VENDOR = NVIDIA Corporation
13:17:09: GL_RENDERER = GeForce GTX 280/PCI/SSE2
13:17:09: GL_EXTENSIONS = GL_ARB_color_buffer_float GL_ARB_compatibility GL_ARB_copy_buffer GL_ARB_depth_buffer_float GL_ARB_depth_clamp GL_ARB_depth_texture GL_ARB_draw_buffers GL_ARB_draw_elements_base_vertex GL_ARB_draw_instanced GL_ARB_fragment_coord_conventions GL_ARB_fragment_program GL_ARB_fragment_program_shadow GL_ARB_fragment_shader GL_ARB_framebuffer_object GL_ARB_framebuffer_sRGB GL_ARB_geometry_shader4 GL_ARB_half_float_pixel GL_ARB_half_float_vertex GL_ARB_imaging GL_ARB_map_buffer_range GL_ARB_multisample GL_ARB_multitexture GL_ARB_occlusion_query GL_ARB_pixel_buffer_object GL_ARB_point_parameters GL_ARB_point_sprite GL_ARB_provoking_vertex GL_ARB_seamless_cube_map GL_ARB_shader_objects GL_ARB_shading_language_100 GL_ARB_shadow GL_ARB_sync GL_ARB_texture_border_clamp GL_ARB_texture_buffer_object GL_ARB_texture_compression GL_ARB_texture_compression_rgtc GL_ARB_texture_cube_map GL_ARB_texture_env_add GL_ARB_texture_env_combine GL_ARB_texture_env_crossbar GL_ARB_texture_env_dot3 GL_ARB_texture_float GL_ARB_texture_mirrored_repeat GL_ARB_texture_multisample GL_ARB_texture_non_power_of_two GL_ARB_texture_rectangle GL_ARB_texture_rg GL_ARB_transpose_matrix GL_ARB_uniform_buffer_object GL_ARB_vertex_array_bgra GL_ARB_vertex_array_object GL_ARB_vertex_buffer_object GL_ARB_vertex_program GL_ARB_vertex_shader GL_ARB_window_pos GL_ATI_draw_buffers GL_ATI_texture_float GL_ATI_texture_mirror_once GL_S3_s3tc GL_EXT_texture_env_add GL_EXT_abgr GL_EXT_bgra GL_EXT_bindable_uniform GL_EXT_blend_color GL_EXT_blend_equation_separate GL_EXT_blend_func_separate GL_EXT_blend_minmax GL_EXT_blend_subtract GL_EXT_compiled_vertex_array GL_EXT_Cg_shader GL_EXT_depth_bounds_test GL_EXT_direct_state_access GL_EXT_draw_buffers2 GL_EXT_draw_instanced GL_EXT_draw_range_elements GL_EXT_fog_coord GL_EXT_framebuffer_blit GL_EXT_framebuffer_multisample GL_EXTX_framebuffer_mixed_formats GL_EXT_framebuffer_object GL_EXT_framebuffer_sRGB GL_EXT_geometry_shader4 GL_EXT_gpu_program_parameters GL_EXT_gpu_shader4 GL_EXT_multi_draw_arrays GL_EXT_packed_depth_stencil GL_EXT_packed_float GL_EXT_packed_pixels GL_EXT_pixel_buffer_object GL_EXT_point_parameters GL_EXT_provoking_vertex GL_EXT_rescale_normal GL_EXT_secondary_color GL_EXT_separate_shader_objects GL_EXT_separate_specular_color GL_EXT_shadow_funcs GL_EXT_stencil_two_side GL_EXT_stencil_wrap GL_EXT_texture3D GL_EXT_texture_array GL_EXT_texture_buffer_object GL_EXT_texture_compression_latc GL_EXT_texture_compression_rgtc GL_EXT_texture_compression_s3tc GL_EXT_texture_cube_map GL_EXT_texture_edge_clamp GL_EXT_texture_env_combine GL_EXT_texture_env_dot3 GL_EXT_texture_filter_anisotropic GL_EXT_texture_integer GL_EXT_texture_lod GL_EXT_texture_lod_bias GL_EXT_texture_mirror_clamp GL_EXT_texture_object GL_EXT_texture_shared_exponent GL_EXT_texture_sRGB GL_EXT_texture_swizzle GL_EXT_timer_query GL_EXT_transform_feedback2 GL_EXT_vertex_array GL_EXT_vertex_array_bgra GL_IBM_rasterpos_clip GL_IBM_texture_mirrored_repeat GL_KTX_buffer_region GL_NV_blend_square GL_NV_conditional_render GL_NV_copy_depth_to_color GL_NV_copy_image GL_NV_depth_buffer_float GL_NV_depth_clamp GL_NV_explicit_multisample GL_NV_fence GL_NV_float_buffer GL_NV_fog_distance GL_NV_fragment_program GL_NV_fragment_program_option GL_NV_fragment_program2 GL_NV_framebuffer_multisample_coverage GL_NV_geometry_shader4 GL_NV_gpu_program4 GL_NV_half_float GL_NV_light_max_exponent GL_NV_multisample_coverage GL_NV_multisample_filter_hint GL_NV_occlusion_query GL_NV_packed_depth_stencil GL_NV_parameter_buffer_object GL_NV_parameter_buffer_object2 GL_NV_pixel_data_range GL_NV_point_sprite GL_NV_primitive_restart GL_NV_register_combiners GL_NV_register_combiners2 GL_NV_shader_buffer_load GL_NV_texgen_reflection GL_NV_texture_barrier GL_NV_texture_compression_vtc GL_NV_texture_env_combine4 GL_NV_texture_expand_normal GL_NV_texture_rectangle GL_NV_texture_shader GL_NV_texture_shader2 GL_NV_texture_shader3 GL_NV_transform_feedback GL_NV_transform_feedback2 GL_NV_vertex_array_range GL_NV_vertex_array_range2 GL_NV_vertex_buffer_unified_memory GL_NV_vertex_program GL_NV_vertex_program1_1 GL_NV_vertex_program2 GL_NV_vertex_program2_option GL_NV_vertex_program3 GL_NVX_conditional_render GL_NVX_gpu_memory_info GL_SGIS_generate_mipmap GL_SGIS_texture_lod GL_SGIX_depth_texture GL_SGIX_shadow GL_SUN_slice_accum GL_WIN_swap_hint WGL_EXT_swap_control 
13:17:09: Supported WGL extensions: WGL_ARB_buffer_region WGL_ARB_create_context WGL_ARB_create_context_profile WGL_ARB_extensions_string WGL_ARB_make_current_read WGL_ARB_multisample WGL_ARB_pbuffer WGL_ARB_pixel_format WGL_ARB_pixel_format_float WGL_ARB_render_texture WGL_ATI_pixel_format_float WGL_EXT_extensions_string WGL_EXT_framebuffer_sRGB WGL_EXT_pixel_format_packed_float WGL_EXT_swap_control WGL_NV_float_buffer WGL_NV_multisample_coverage WGL_NV_render_depth_texture WGL_NV_render_texture_rectangle 
13:17:09: ***************************
13:17:09: *** GL Renderer Started ***
13:17:09: ***************************
13:17:09: Registering ResourceManager for type GpuProgram
13:17:10: GLSL support detected
13:17:10: GL: Using GL_EXT_framebuffer_object for rendering to textures (best)
13:17:10: FBO PF_UNKNOWN depth/stencil support: D16S0 D24S0 D32S0 Packed-D24S8 
13:17:10: FBO PF_L8 depth/stencil support: D0S0 D16S0 D24S0 D32S0 Packed-D24S8 
13:17:10: FBO PF_A8 depth/stencil support: D0S0 D16S0 D24S0 D32S0 Packed-D24S8 
13:17:10: FBO PF_A4L4 depth/stencil support: D0S0 D16S0 D24S0 D32S0 Packed-D24S8 
13:17:10: FBO PF_BYTE_LA depth/stencil support: D0S0 D16S0 D24S0 D32S0 Packed-D24S8 
13:17:10: FBO PF_R5G6B5 depth/stencil support: D0S0 D16S0 D24S0 D32S0 Packed-D24S8 
13:17:10: FBO PF_B5G6R5 depth/stencil support: D0S0 D16S0 D24S0 D32S0 Packed-D24S8 
13:17:10: FBO PF_A1R5G5B5 depth/stencil support: D0S0 D16S0 D24S0 D32S0 Packed-D24S8 
13:17:10: FBO PF_R8G8B8 depth/stencil support: D0S0 D16S0 D24S0 D32S0 Packed-D24S8 
13:17:10: FBO PF_B8G8R8 depth/stencil support: D0S0 D16S0 D24S0 D32S0 Packed-D24S8 
13:17:10: FBO PF_A8R8G8B8 depth/stencil support: D0S0 D16S0 D24S0 D32S0 Packed-D24S8 
13:17:10: FBO PF_B8G8R8A8 depth/stencil support: D0S0 D16S0 D24S0 D32S0 Packed-D24S8 
13:17:10: FBO PF_A2R10G10B10 depth/stencil support: D0S0 D16S0 D24S0 D32S0 Packed-D24S8 
13:17:10: FBO PF_A2B10G10R10 depth/stencil support: D0S0 D16S0 D24S0 D32S0 Packed-D24S8 
13:17:10: FBO PF_FLOAT16_RGB depth/stencil support: D0S0 D16S0 D24S0 D32S0 Packed-D24S8 
13:17:10: FBO PF_FLOAT16_RGBA depth/stencil support: D0S0 D16S0 D24S0 D32S0 Packed-D24S8 
13:17:10: FBO PF_FLOAT32_RGB depth/stencil support: D0S0 D16S0 D24S0 D32S0 Packed-D24S8 
13:17:10: FBO PF_FLOAT32_RGBA depth/stencil support: D0S0 D16S0 D24S0 D32S0 Packed-D24S8 
13:17:10: FBO PF_X8R8G8B8 depth/stencil support: D0S0 D16S0 D24S0 D32S0 Packed-D24S8 
13:17:10: FBO PF_X8B8G8R8 depth/stencil support: D0S0 D16S0 D24S0 D32S0 Packed-D24S8 
13:17:10: FBO PF_SHORT_RGBA depth/stencil support: D0S0 D16S0 D24S0 D32S0 Packed-D24S8 
13:17:10: FBO PF_R3G3B2 depth/stencil support: D0S0 D16S0 D24S0 D32S0 Packed-D24S8 
13:17:10: FBO PF_FLOAT16_R depth/stencil support: D0S0 D16S0 D24S0 D32S0 Packed-D24S8 
13:17:10: FBO PF_FLOAT32_R depth/stencil support: D0S0 D16S0 D24S0 D32S0 Packed-D24S8 
13:17:10: FBO PF_FLOAT16_GR depth/stencil support: D0S0 D16S0 D24S0 D32S0 Packed-D24S8 
13:17:10: FBO PF_FLOAT32_GR depth/stencil support: D0S0 D16S0 D24S0 D32S0 Packed-D24S8 
13:17:10: FBO PF_SHORT_RGB depth/stencil support: D0S0 D16S0 D24S0 D32S0 Packed-D24S8 
13:17:10: [GL] : Valid FBO targets PF_UNKNOWN PF_L8 PF_A8 PF_A4L4 PF_BYTE_LA PF_R5G6B5 PF_B5G6R5 PF_A1R5G5B5 PF_R8G8B8 PF_B8G8R8 PF_A8R8G8B8 PF_B8G8R8A8 PF_A2R10G10B10 PF_A2B10G10R10 PF_FLOAT16_RGB PF_FLOAT16_RGBA PF_FLOAT32_RGB PF_FLOAT32_RGBA PF_X8R8G8B8 PF_X8B8G8R8 PF_SHORT_RGBA PF_R3G3B2 PF_FLOAT16_R PF_FLOAT32_R PF_FLOAT16_GR PF_FLOAT32_GR PF_SHORT_RGB 
13:17:10: RenderSystem capabilities
13:17:10: -------------------------
13:17:10: RenderSystem Name: OpenGL Rendering Subsystem
13:17:10: GPU Vendor: nvidia
13:17:10: Device Name: GeForce GTX 280/PCI/SSE2
13:17:10: Driver Version: 3.2.0.0
13:17:10:  * Fixed function pipeline: yes
13:17:10:  * Hardware generation of mipmaps: yes
13:17:10:  * Texture blending: yes
13:17:10:  * Anisotropic texture filtering: yes
13:17:10:  * Dot product texture operation: yes
13:17:10:  * Cube mapping: yes
13:17:10:  * Hardware stencil buffer: yes
13:17:10:    - Stencil depth: 8
13:17:10:    - Two sided stencil support: yes
13:17:10:    - Wrap stencil values: yes
13:17:10:  * Hardware vertex / index buffers: yes
13:17:10:  * Vertex programs: yes
13:17:10:  * Number of floating-point constants for vertex programs: 1024
13:17:10:  * Number of integer constants for vertex programs: 0
13:17:10:  * Number of boolean constants for vertex programs: 0
13:17:10:  * Fragment programs: yes
13:17:10:  * Number of floating-point constants for fragment programs: 512
13:17:10:  * Number of integer constants for fragment programs: 0
13:17:10:  * Number of boolean constants for fragment programs: 0
13:17:10:  * Geometry programs: yes
13:17:10:  * Number of floating-point constants for geometry programs: 512
13:17:10:  * Number of integer constants for geometry programs: 0
13:17:10:  * Number of boolean constants for geometry programs: 0
13:17:10:  * Supported Shader Profiles: arbfp1 arbvp1 fp20 fp30 fp40 glsl gp4gp gpu_gp nvgp4 vp30 vp40
13:17:10:  * Texture Compression: yes
13:17:10:    - DXT: yes
13:17:10:    - VTC: yes
13:17:10:    - PVRTC: no
13:17:10:  * Scissor Rectangle: yes
13:17:10:  * Hardware Occlusion Query: yes
13:17:10:  * User clip planes: yes
13:17:10:  * VET_UBYTE4 vertex element type: yes
13:17:11:  * Infinite far plane projection: yes
13:17:11:  * Hardware render-to-texture: yes
13:17:11:  * Floating point textures: yes
13:17:11:  * Non-power-of-two textures: yes
13:17:11:  * Volume textures: yes
13:17:11:  * Multiple Render Targets: 8
13:17:11:    - With different bit depths: yes
13:17:11:  * Point Sprites: yes
13:17:11:  * Extended point parameters: yes
13:17:11:  * Max Point Size: 63.375
13:17:11:  * Vertex texture fetch: yes
13:17:11:  * Number of world matrices: 0
13:17:11:  * Number of texture units: 32
13:17:11:  * Stencil buffer depth: 8
13:17:11:  * Number of vertex blend matrices: 0
13:17:11:    - Max vertex textures: 32
13:17:11:    - Vertex textures shared: yes
13:17:11:  * Render to Vertex Buffer : yes
13:17:11:  * GL 1.5 without VBO workaround: no
13:17:11:  * Frame Buffer objects: yes
13:17:11:  * Frame Buffer objects (ARB extension): no
13:17:11:  * Frame Buffer objects (ATI extension): no
13:17:11:  * PBuffer support: no
13:17:11:  * GL 1.5 without HW-occlusion workaround: no
13:17:11: Registering ResourceManager for type Texture
13:17:11: Using FSAA from GL_ARB_multisample extension.
13:17:11: DefaultWorkQueue('Root') initialising on thread main.
13:17:11: Particle Renderer Type 'billboard' registered
13:17:11: SceneManagerFactory for type 'BspSceneManager' registered.
13:17:11: Registering ResourceManager for type BspLevel
13:17:11: Parsing scripts for resource group Autodetect
13:17:11: Finished parsing scripts for resource group Autodetect
13:17:11: Parsing scripts for resource group General
13:17:11: Finished parsing scripts for resource group General
13:17:11: Parsing scripts for resource group Internal
13:17:11: Finished parsing scripts for resource group Internal
13:17:11: Parsing scripts for resource group Popular
13:17:12: Parsing script Examples.program
13:17:12: GLSL compiling: Ogre/BasicVertexPrograms/AmbientOneTextureGLSL
13:17:12: GLSL compiled : Ogre/BasicVertexPrograms/AmbientOneTextureGLSL
13:17:12: GLSL compiling: Ogre/HardwareSkinningTwoWeightsGLSL
13:17:12: GLSL compiled : Ogre/HardwareSkinningTwoWeightsGLSL
13:17:13: OGRE EXCEPTION(2:InvalidParametersException): Parameter called ambient does not exist.  in GpuProgramParameters::_findNamedConstantDefinition at ..\..\OgreMain\src\OgreGpuProgramParams.cpp (line 1401)
13:17:13: Compiler error: invalid parameters in Examples.program(130): setting of constant failed
13:17:13: Parsing script StdQuad_vp.program
13:17:13: Parsing script deferred_post.program
13:17:13: Parsing script ShadowCaster.program
13:17:13: Parsing script ASCII.material
13:17:14: Parsing script ASMSwizzle.material
13:17:14: Parsing script BlackAndWhite.material
13:17:14: Parsing script Bloom.material
13:17:14: GLSL compiling: Blur_ps_glsl
13:17:14: GLSL compiled : Blur_ps_glsl
13:17:14: GLSL compiling: Blur0_vs_glsl
13:17:14: GLSL compiled : Blur0_vs_glsl
13:17:14: GLSL compiling: Blur1_vs_glsl
13:17:14: GLSL compiled : Blur1_vs_glsl
13:17:14: Parsing script Bloom2.material
13:17:14: GLSL compiling: Bloom2_ps20_glsl
13:17:14: GLSL compiled : Bloom2_ps20_glsl
13:17:14: Parsing script CGSwizzle.material
13:17:14: Parsing script CompositorDemo.material
13:17:14: Parsing script DepthShadowmap.material
13:17:15: GLSL compiling: Ogre/DepthShadowmap/CasterVP_GLSL
13:17:15: GLSL compiled : Ogre/DepthShadowmap/CasterVP_GLSL
13:17:15: GLSL compiling: Ogre/DepthShadowmap/CasterFP_GLSL
13:17:15: GLSL compiled : Ogre/DepthShadowmap/CasterFP_GLSL
13:17:15: GLSL compiling: Ogre/DepthShadowmap/ReceiverVP_GLSL
13:17:15: GLSL compiled : Ogre/DepthShadowmap/ReceiverVP_GLSL
13:17:15: GLSL compiling: Ogre/DepthShadowmap/ReceiverFP_GLSL
13:17:15: GLSL compiled : Ogre/DepthShadowmap/ReceiverFP_GLSL
13:17:15: GLSL compiling: Ogre/DepthShadowmap/ReceiverFPPCF_GLSL
13:17:15: GLSL compiled : Ogre/DepthShadowmap/ReceiverFPPCF_GLSL
13:17:15: GLSL compiling: Ogre/DepthShadowmap/NormalMapReceiverVP_GLSL
13:17:15: GLSL compiled : Ogre/DepthShadowmap/NormalMapReceiverVP_GLSL
13:17:15: GLSL compiling: Ogre/DepthShadowmap/NormalMapReceiverFP_GLSL
13:17:15: GLSL compiled : Ogre/DepthShadowmap/NormalMapReceiverFP_GLSL
13:17:15: GLSL compiling: Ogre/DepthShadowmap/NormalMapReceiverFPPCF_GLSL
13:17:15: GLSL compiled : Ogre/DepthShadowmap/NormalMapReceiverFPPCF_GLSL
13:17:15: Parsing script Dither.material
13:17:15: Parsing script DOF.material
13:17:15: Parsing script Embossed.material
13:17:15: Parsing script Example-Water.material
13:17:15: Parsing script Example.material
13:17:16: OGRE EXCEPTION(2:InvalidParametersException): Parameter called camObjPos does not exist.  in GpuProgramParameters::_findNamedConstantDefinition at ..\..\OgreMain\src\OgreGpuProgramParams.cpp (line 1401)
13:17:16: Compiler error: invalid parameters in Example.material(762): setting of constant failed
13:17:18: GLSL compiling: Ogre/HardwareSkinningTwoWeightsShadowCasterGLSL
13:17:18: GLSL compiled : Ogre/HardwareSkinningTwoWeightsShadowCasterGLSL
13:17:18: Parsing script Examples-Advanced.material
13:17:19: Compiler error: object unsupported by render system in Examples-Advanced.material(383)
13:17:19: Parsing script Examples-DynTex.material
13:17:19: Parsing script Examples-Water.material
13:17:19: Parsing script Examples.material
13:17:19: OGRE EXCEPTION(2:InvalidParametersException): Parameter called camObjPos does not exist.  in GpuProgramParameters::_findNamedConstantDefinition at ..\..\OgreMain\src\OgreGpuProgramParams.cpp (line 1401)
13:17:19: Compiler error: invalid parameters in Examples.material(837): setting of constant failed
13:17:20: Parsing script facial.material
13:17:20: Parsing script fire.material
13:17:20: Parsing script Glass.material
13:17:20: Parsing script GLSLSwizzle.material
13:17:20: GLSL compiling: Ogre/GPTest/Swizzle_GP_GLSL
13:17:20: GLSL compiled : Ogre/GPTest/Swizzle_GP_GLSL
13:17:20: GLSL compiling: Ogre/GPTest/Passthrough_VP_GLSL
13:17:20: GLSL compiled : Ogre/GPTest/Passthrough_VP_GLSL
13:17:20: Parsing script Halftone.material
13:17:21: Parsing script hdr.material
13:17:21: GLSL compiling: Ogre/Compositor/HDR/downscale2x2LuminenceGLSL_fp
13:17:21: GLSL compiled : Ogre/Compositor/HDR/downscale2x2LuminenceGLSL_fp
13:17:21: GLSL compiling: Ogre/Compositor/StdQuad_GLSL_vp
13:17:21: GLSL compiled : Ogre/Compositor/StdQuad_GLSL_vp
13:17:21: GLSL compiling: Ogre/Compositor/HDR/downscale3x3GLSL_fp
13:17:21: GLSL compiled : Ogre/Compositor/HDR/downscale3x3GLSL_fp
13:17:21: GLSL compiling: Ogre/Compositor/HDR/utils_fp
13:17:21: GLSL compiled : Ogre/Compositor/HDR/utils_fp
13:17:21: GLSL compiling: Ogre/Compositor/HDR/downscale3x3brightpassGLSL_fp
13:17:21: GLSL compiled : Ogre/Compositor/HDR/downscale3x3brightpassGLSL_fp
13:17:21: GLSL compiling: Ogre/Compositor/HDR/bloomGLSL_fp
13:17:21: GLSL compiled : Ogre/Compositor/HDR/bloomGLSL_fp
13:17:21: GLSL compiling: Ogre/Compositor/HDR/utils_fp
13:17:21: GLSL compiled : Ogre/Compositor/HDR/utils_fp
13:17:21: GLSL compiling: Ogre/Compositor/HDR/finaltonemappingGLSL_fp
13:17:21: GLSL compiled : Ogre/Compositor/HDR/finaltonemappingGLSL_fp
13:17:21: Parsing script HeatVision.material
13:17:21: Parsing script Hurt.material
13:17:21: Parsing script instancing.material
13:17:21: GLSL compiling: InstancingGLSL
13:17:21: GLSL compiled : InstancingGLSL
13:17:21: GLSL compiling: InstancingShadowCasterGLSL
13:17:21: GLSL compiled : InstancingShadowCasterGLSL
13:17:21: GLSL compiling: CrowdGLSL
13:17:21: GLSL compiled : CrowdGLSL
13:17:21: GLSL compiling: CrowdShadowCasterGLSL
13:17:21: GLSL compiled : CrowdShadowCasterGLSL
13:17:21: Parsing script Invert.material
13:17:22: Parsing script IsoSurf.material
13:17:22: Problem parsing the following Cg Uniform: '@TMP0' in file Ogre/IsoSurf/TessellateTetrahedraGS
13:17:22: Parsing script Laplace.material
13:17:22: Parsing script LevelTiles.material
13:17:22: Parsing script MotionBlur.material
13:17:22: Parsing script MRTtest.material
13:17:23: GLSL compiling: Ogre/MRTtest/scenefp/GLSL
13:17:23: GLSL compiled : Ogre/MRTtest/scenefp/GLSL
13:17:23: GLSL compiling: Ogre/MRTtest/quadfp/GLSL
13:17:23: GLSL compiled : Ogre/MRTtest/quadfp/GLSL
13:17:23: Parsing script NightVision.material
13:17:23: Parsing script Ocean.material
13:17:23: GLSL compiling: GLSL/OceanVS
13:17:23: GLSL compiled : GLSL/OceanVS
13:17:23: GLSL compiling: GLSL/OceanFS
13:17:23: GLSL compiled : GLSL/OceanFS
13:17:23: GLSL compiling: GLSL/Ocean2VS
13:17:23: GLSL compiled : GLSL/Ocean2VS
13:17:23: GLSL compiling: GLSL/Ocean2FS
13:17:23: GLSL compiled : GLSL/Ocean2FS
13:17:23: Parsing script OffsetMapping.material
13:17:23: Compiler error: object unsupported by render system in OffsetMapping.material(18)
13:17:23: GLSL compiling: Examples/OffsetMappingIntegratedShadowsFPglsl
13:17:23: GLSL compiled : Examples/OffsetMappingIntegratedShadowsFPglsl
13:17:23: GLSL compiling: Examples/OffsetMappingIntegratedShadowsVPglsl
13:17:23: GLSL compiled : Examples/OffsetMappingIntegratedShadowsVPglsl
13:17:23: Parsing script Ogre.material
13:17:23: Parsing script OldMovie.material
13:17:23: Parsing script OldTV.material
13:17:23: Parsing script ParticleGS.material
13:17:25: Parsing script Penguin.material
13:17:25: Parsing script Posterize.material
13:17:25: Parsing script pssm.material
13:17:25: Parsing script RadialBlur.material
13:17:25: Parsing script RZR-002.material
13:17:25: Parsing script ShaderSystem.material
13:17:25: Parsing script shadows.material
13:17:26: Parsing script SharpenEdges.material
13:17:26: Parsing script sibenik.material
13:17:26: Parsing script smoke.material
13:17:26: Parsing script Tiling.material
13:17:26: Parsing script VarianceShadowmap.material
13:17:27: Parsing script scout.material
13:17:27: Parsing script tank.material
13:17:27: Parsing script deferred_post.material
13:17:27: Parsing script deferred_post_minilight.material
13:17:27: Parsing script deferreddemo.material
13:17:27: Parsing script ShadowCaster.material
13:17:27: Parsing script ssao.material
13:17:27: Parsing script ROOM.material
13:17:27: Parsing script emitted_emitter.particle
13:17:28: Parsing script Examples-Water.particle
13:17:28: Parsing script Examples.particle
13:17:28: Parsing script smoke.particle
13:17:28: Parsing script Examples.compositor
13:17:28: Parsing script deferred.compositor
13:17:28: Parsing script ssao.compositor
13:17:28: Parsing script sample.fontdef
13:17:28: Parsing script CompositorDemo.overlay
13:17:28: Finished parsing scripts for resource group Popular
13:17:28: Mesh: Loading scout.mesh.
13:17:34: WARNING: scout.mesh is an older format ([MeshSerializer_v1.40]); you should upgrade it as soon as possible using the OgreMeshUpgrade tool.
13:17:34: Mesh: Loading tank.mesh.
13:17:34: WARNING: tank.mesh is an older format ([MeshSerializer_v1.40]); you should upgrade it as soon as possible using the OgreMeshUpgrade tool.
13:17:35: Texture: grass_1024.jpg: Loading 1 faces(PF_R8G8B8,1024x1024x1) with 5 generated mipmaps from Image. Internal format is PF_X8R8G8B8,1024x1024x1.
13:17:35: Texture: BeachStones.jpg: Loading 1 faces(PF_R8G8B8,512x512x1) with 5 generated mipmaps from Image. Internal format is PF_X8R8G8B8,512x512x1.
13:17:35: Texture: Lava.jpg: Loading 1 faces(PF_R8G8B8,512x512x1) with 5 generated mipmaps from Image. Internal format is PF_X8R8G8B8,512x512x1.
13:17:40: DefaultWorkQueue('Root') shutting down on thread main.
13:17:40: Unregistering ResourceManager for type BspLevel
13:17:40: *-*-* OGRE Shutdown
13:17:40: Unregistering ResourceManager for type Compositor
13:17:40: Unregistering ResourceManager for type Font
13:17:40: Unregistering ResourceManager for type Skeleton
13:17:40: Unregistering ResourceManager for type Mesh
13:17:40: Unregistering ResourceManager for type HighLevelGpuProgram
13:17:40: Uninstalling plugin: Cg Program Manager
13:17:40: Plugin successfully uninstalled
13:17:40: Unloading library .\Plugin_CgProgramManager_d
13:17:40: Uninstalling plugin: BSP Scene Manager
13:17:40: Plugin successfully uninstalled
13:17:40: Unloading library .\Plugin_BSPSceneManager_d
13:17:40: Uninstalling plugin: ParticleFX
13:17:40: Plugin successfully uninstalled
13:17:40: Unloading library .\Plugin_ParticleFX_d
13:17:40: Uninstalling plugin: GL RenderSystem
13:17:40: Unregistering ResourceManager for type GpuProgram
13:17:40: *** Stopping Win32GL Subsystem ***
13:17:40: Unregistering ResourceManager for type Texture
13:17:40: Plugin successfully uninstalled
13:17:40: Unloading library .\RenderSystem_GL_d
13:17:40: Unregistering ResourceManager for type Material
